# JRE version: OpenJDK Runtime Environment (8.0_242-b01) (build 1.8.0_242-release-1644-b01)
# Java VM: OpenJDK 64-Bit Server VM (25.242-b01 mixed mode windows-amd64 compressed oops)
Heap:
 PSYoungGen      total 384000K, used 200874K [0x00000000d5580000, 0x00000000f3380000, 0x0000000100000000)
  eden space 314880K, 56% used [0x00000000d5580000,0x00000000e0393460,0x00000000e8900000)
  from space 69120K, 32% used [0x00000000e8900000,0x00000000e9f17708,0x00000000ecc80000)
  to   space 64512K, 0% used [0x00000000ef480000,0x00000000ef480000,0x00000000f3380000)
 ParOldGen       total 214016K, used 151119K [0x0000000080000000, 0x000000008d100000, 0x00000000d5580000)
  object space 214016K, 70% used [0x0000000080000000,0x0000000089393fb8,0x000000008d100000)
 Metaspace       used 92157K, capacity 96862K, committed 96984K, reserved 1132544K
  class space    used 12098K, capacity 12969K, committed 13056K, reserved 1048576K
GC Heap History (10 events):
Event: 116.082 GC heap before
{Heap before GC invocations=21 (full 3):
 PSYoungGen      total 301568K, used 294715K [0x00000000d5580000, 0x00000000ed700000, 0x0000000100000000)
  eden space 259584K, 100% used [0x00000000d5580000,0x00000000e5300000,0x00000000e5300000)
  from space 41984K, 83% used [0x00000000e5300000,0x00000000e754efa8,0x00000000e7c00000)
  to   space 46592K, 0% used [0x00000000ea980000,0x00000000ea980000,0x00000000ed700000)
 ParOldGen       total 93184K, used 70080K [0x0000000080000000, 0x0000000085b00000, 0x00000000d5580000)
  object space 93184K, 75% used [0x0000000080000000,0x00000000844702d0,0x0000000085b00000)
 Metaspace       used 85766K, capacity 90328K, committed 90584K, reserved 1128448K
  class space    used 11703K, capacity 12538K, committed 12544K, reserved 1048576K
Event: 116.793 GC heap after
Heap after GC invocations=21 (full 3):
 PSYoungGen      total 322048K, used 46587K [0x00000000d5580000, 0x00000000f1180000, 0x0000000100000000)
  eden space 275456K, 0% used [0x00000000d5580000,0x00000000d5580000,0x00000000e6280000)
  from space 46592K, 99% used [0x00000000ea980000,0x00000000ed6fec70,0x00000000ed700000)
  to   space 72704K, 0% used [0x00000000e6280000,0x00000000e6280000,0x00000000ea980000)
 ParOldGen       total 118784K, used 118406K [0x0000000080000000, 0x0000000087400000, 0x00000000d5580000)
  object space 118784K, 99% used [0x0000000080000000,0x00000000873a1860,0x0000000087400000)
 Metaspace       used 85766K, capacity 90328K, committed 90584K, reserved 1128448K
  class space    used 11703K, capacity 12538K, committed 12544K, reserved 1048576K
}
Event: 116.793 GC heap before
{Heap before GC invocations=22 (full 4):
 PSYoungGen      total 322048K, used 46587K [0x00000000d5580000, 0x00000000f1180000, 0x0000000100000000)
  eden space 275456K, 0% used [0x00000000d5580000,0x00000000d5580000,0x00000000e6280000)
  from space 46592K, 99% used [0x00000000ea980000,0x00000000ed6fec70,0x00000000ed700000)
  to   space 72704K, 0% used [0x00000000e6280000,0x00000000e6280000,0x00000000ea980000)
 ParOldGen       total 118784K, used 118406K [0x0000000080000000, 0x0000000087400000, 0x00000000d5580000)
  object space 118784K, 99% used [0x0000000080000000,0x00000000873a1860,0x0000000087400000)
 Metaspace       used 85766K, capacity 90328K, committed 90584K, reserved 1128448K
  class space    used 11703K, capacity 12538K, committed 12544K, reserved 1048576K
Event: 120.784 GC heap after
Heap after GC invocations=22 (full 4):
 PSYoungGen      total 322048K, used 39343K [0x00000000d5580000, 0x00000000f1180000, 0x0000000100000000)
  eden space 275456K, 0% used [0x00000000d5580000,0x00000000d5580000,0x00000000e6280000)
  from space 46592K, 84% used [0x00000000ea980000,0x00000000ecfebd90,0x00000000ed700000)
  to   space 72704K, 0% used [0x00000000e6280000,0x00000000e6280000,0x00000000ea980000)
 ParOldGen       total 214016K, used 116765K [0x0000000080000000, 0x000000008d100000, 0x00000000d5580000)
  object space 214016K, 54% used [0x0000000080000000,0x0000000087207610,0x000000008d100000)
 Metaspace       used 85664K, capacity 90028K, committed 90584K, reserved 1128448K
  class space    used 11670K, capacity 12480K, committed 12544K, reserved 1048576K
}
Event: 130.113 GC heap before
{Heap before GC invocations=23 (full 4):
 PSYoungGen      total 322048K, used 314799K [0x00000000d5580000, 0x00000000f1180000, 0x0000000100000000)
  eden space 275456K, 100% used [0x00000000d5580000,0x00000000e6280000,0x00000000e6280000)
  from space 46592K, 84% used [0x00000000ea980000,0x00000000ecfebd90,0x00000000ed700000)
  to   space 72704K, 0% used [0x00000000e6280000,0x00000000e6280000,0x00000000ea980000)
 ParOldGen       total 214016K, used 116765K [0x0000000080000000, 0x000000008d100000, 0x00000000d5580000)
  object space 214016K, 54% used [0x0000000080000000,0x0000000087207610,0x000000008d100000)
 Metaspace       used 86662K, capacity 91044K, committed 91480K, reserved 1128448K
  class space    used 11752K, capacity 12552K, committed 12672K, reserved 1048576K
Event: 130.318 GC heap after
Heap after GC invocations=23 (full 4):
 PSYoungGen      total 348160K, used 4896K [0x00000000d5580000, 0x00000000f1b00000, 0x0000000100000000)
  eden space 275456K, 0% used [0x00000000d5580000,0x00000000d5580000,0x00000000e6280000)
  from space 72704K, 6% used [0x00000000e6280000,0x00000000e6748330,0x00000000ea980000)
  to   space 71168K, 0% used [0x00000000ed580000,0x00000000ed580000,0x00000000f1b00000)
 ParOldGen       total 214016K, used 151103K [0x0000000080000000, 0x000000008d100000, 0x00000000d5580000)
  object space 214016K, 70% used [0x0000000080000000,0x000000008938ffb8,0x000000008d100000)
 Metaspace       used 86662K, capacity 91044K, committed 91480K, reserved 1128448K
  class space    used 11752K, capacity 12552K, committed 12672K, reserved 1048576K
}
Event: 891.243 GC heap before
{Heap before GC invocations=24 (full 4):
 PSYoungGen      total 348160K, used 280352K [0x00000000d5580000, 0x00000000f1b00000, 0x0000000100000000)
  eden space 275456K, 100% used [0x00000000d5580000,0x00000000e6280000,0x00000000e6280000)
  from space 72704K, 6% used [0x00000000e6280000,0x00000000e6748330,0x00000000ea980000)
  to   space 71168K, 0% used [0x00000000ed580000,0x00000000ed580000,0x00000000f1b00000)
 ParOldGen       total 214016K, used 151103K [0x0000000080000000, 0x000000008d100000, 0x00000000d5580000)
  object space 214016K, 70% used [0x0000000080000000,0x000000008938ffb8,0x000000008d100000)
 Metaspace       used 91149K, capacity 95782K, committed 95960K, reserved 1132544K
  class space    used 12074K, capacity 12933K, committed 13056K, reserved 1048576K
Event: 892.758 GC heap after
Heap after GC invocations=24 (full 4):
 PSYoungGen      total 374784K, used 29917K [0x00000000d5580000, 0x00000000f1000000, 0x0000000100000000)
  eden space 314880K, 0% used [0x00000000d5580000,0x00000000d5580000,0x00000000e8900000)
  from space 59904K, 49% used [0x00000000ed580000,0x00000000ef2b7440,0x00000000f1000000)
  to   space 69120K, 0% used [0x00000000e8900000,0x00000000e8900000,0x00000000ecc80000)
 ParOldGen       total 214016K, used 151111K [0x0000000080000000, 0x000000008d100000, 0x00000000d5580000)
  object space 214016K, 70% used [0x0000000080000000,0x0000000089391fb8,0x000000008d100000)
 Metaspace       used 91149K, capacity 95782K, committed 95960K, reserved 1132544K
  class space    used 12074K, capacity 12933K, committed 13056K, reserved 1048576K
}
Event: 1032.380 GC heap before
{Heap before GC invocations=25 (full 4):
 PSYoungGen      total 374784K, used 344797K [0x00000000d5580000, 0x00000000f1000000, 0x0000000100000000)
  eden space 314880K, 100% used [0x00000000d5580000,0x00000000e8900000,0x00000000e8900000)
  from space 59904K, 49% used [0x00000000ed580000,0x00000000ef2b7440,0x00000000f1000000)
  to   space 69120K, 0% used [0x00000000e8900000,0x00000000e8900000,0x00000000ecc80000)
 ParOldGen       total 214016K, used 151111K [0x0000000080000000, 0x000000008d100000, 0x00000000d5580000)
  object space 214016K, 70% used [0x0000000080000000,0x0000000089391fb8,0x000000008d100000)
 Metaspace       used 91600K, capacity 96272K, committed 96472K, reserved 1132544K
  class space    used 12090K, capacity 12958K, committed 13056K, reserved 1048576K
Event: 1036.981 GC heap after
Heap after GC invocations=25 (full 4):
 PSYoungGen      total 384000K, used 22621K [0x00000000d5580000, 0x00000000f3380000, 0x0000000100000000)
  eden space 314880K, 0% used [0x00000000d5580000,0x00000000d5580000,0x00000000e8900000)
  from space 69120K, 32% used [0x00000000e8900000,0x00000000e9f17708,0x00000000ecc80000)
  to   space 64512K, 0% used [0x00000000ef480000,0x00000000ef480000,0x00000000f3380000)
 ParOldGen       total 214016K, used 151119K [0x0000000080000000, 0x000000008d100000, 0x00000000d5580000)
  object space 214016K, 70% used [0x0000000080000000,0x0000000089393fb8,0x000000008d100000)
 Metaspace       used 91600K, capacity 96272K, committed 96472K, reserved 1132544K
  class space    used 12090K, capacity 12958K, committed 13056K, reserved 1048576K
}

